<?xml version="1.0" encoding="UTF-8"?>
<testng-results skipped="1" failed="1" ignored="0" total="8" passed="6">
  <reporter-output>
  </reporter-output>
  <suite name="Suite" duration-ms="38" started-at="2018-09-02T10:01:57Z" finished-at="2018-09-02T10:01:57Z">
    <groups>
    </groups>
    <test name="Test" duration-ms="38" started-at="2018-09-02T10:01:57Z" finished-at="2018-09-02T10:01:57Z">
      <class name="listen.SampleTest">
        <test-method status="PASS" signature="before()[pri:0, instance:listen.SampleTest@69a3d1d]" name="before" is-config="true" duration-ms="0" started-at="2018-09-02T10:01:57Z" finished-at="2018-09-02T10:01:57Z">
          <reporter-output>
          </reporter-output>
        </test-method> <!-- before -->
        <test-method status="PASS" signature="before()[pri:0, instance:listen.SampleTest@69a3d1d]" name="before" is-config="true" duration-ms="0" started-at="2018-09-02T10:01:57Z" finished-at="2018-09-02T10:01:57Z">
          <reporter-output>
          </reporter-output>
        </test-method> <!-- before -->
        <test-method status="PASS" signature="after()[pri:0, instance:listen.SampleTest@69a3d1d]" name="after" is-config="true" duration-ms="0" started-at="2018-09-02T10:01:57Z" finished-at="2018-09-02T10:01:57Z">
          <reporter-output>
          </reporter-output>
        </test-method> <!-- after -->
        <test-method status="FAIL" signature="testScript2()[pri:0, instance:listen.SampleTest@69a3d1d]" name="testScript2" duration-ms="15" started-at="2018-09-02T10:01:57Z" finished-at="2018-09-02T10:01:57Z">
          <exception class="org.testng.TestException">
            <message>
              <![CDATA[
Method SampleTest.testScript2()[pri:0, instance:listen.SampleTest@69a3d1d] should have thrown an exception of type class java.lang.RuntimeException]]>
            </message>
            <full-stacktrace>
              <![CDATA[org.testng.TestException: 
Method SampleTest.testScript2()[pri:0, instance:listen.SampleTest@69a3d1d] should have thrown an exception of type class java.lang.RuntimeException
at org.testng.internal.ExpectedExceptionsHolder.noException(ExpectedExceptionsHolder.java:80)
at org.testng.internal.Invoker.considerExceptions(Invoker.java:1139)
at org.testng.internal.Invoker.invokeMethod(Invoker.java:612)
at org.testng.internal.Invoker.invokeTestMethod(Invoker.java:716)
at org.testng.internal.Invoker.invokeTestMethods(Invoker.java:988)
at org.testng.internal.TestMethodWorker.invokeTestMethods(TestMethodWorker.java:125)
at org.testng.internal.TestMethodWorker.run(TestMethodWorker.java:109)
at org.testng.TestRunner.privateRun(TestRunner.java:648)
at org.testng.TestRunner.run(TestRunner.java:505)
at org.testng.SuiteRunner.runTest(SuiteRunner.java:455)
at org.testng.SuiteRunner.runSequentially(SuiteRunner.java:450)
at org.testng.SuiteRunner.privateRun(SuiteRunner.java:415)
at org.testng.SuiteRunner.run(SuiteRunner.java:364)
at org.testng.SuiteRunnerWorker.runSuite(SuiteRunnerWorker.java:52)
at org.testng.SuiteRunnerWorker.run(SuiteRunnerWorker.java:84)
at org.testng.TestNG.runSuitesSequentially(TestNG.java:1208)
at org.testng.TestNG.runSuitesLocally(TestNG.java:1137)
at org.testng.TestNG.runSuites(TestNG.java:1049)
at org.testng.TestNG.run(TestNG.java:1017)
at org.testng.remote.AbstractRemoteTestNG.run(AbstractRemoteTestNG.java:114)
at org.testng.remote.RemoteTestNG.initAndRun(RemoteTestNG.java:251)
at org.testng.remote.RemoteTestNG.main(RemoteTestNG.java:77)
]]>
            </full-stacktrace>
          </exception> <!-- org.testng.TestException -->
          <reporter-output>
          </reporter-output>
        </test-method> <!-- testScript2 -->
        <test-method status="PASS" signature="testScript1()[pri:0, instance:listen.SampleTest@69a3d1d]" name="testScript1" duration-ms="0" started-at="2018-09-02T10:01:57Z" finished-at="2018-09-02T10:01:57Z">
          <reporter-output>
          </reporter-output>
        </test-method> <!-- testScript1 -->
        <test-method status="PASS" signature="testScript4()[pri:0, instance:listen.SampleTest@69a3d1d]" name="testScript4" duration-ms="0" started-at="2018-09-02T10:01:57Z" finished-at="2018-09-02T10:01:57Z">
          <reporter-output>
          </reporter-output>
        </test-method> <!-- testScript4 -->
        <test-method status="PASS" signature="testScript4()[pri:0, instance:listen.SampleTest@69a3d1d]" name="testScript4" duration-ms="0" started-at="2018-09-02T10:01:57Z" finished-at="2018-09-02T10:01:57Z">
          <reporter-output>
          </reporter-output>
        </test-method> <!-- testScript4 -->
        <test-method status="PASS" signature="after()[pri:0, instance:listen.SampleTest@69a3d1d]" name="after" is-config="true" duration-ms="0" started-at="2018-09-02T10:01:57Z" finished-at="2018-09-02T10:01:57Z">
          <reporter-output>
          </reporter-output>
        </test-method> <!-- after -->
        <test-method status="PASS" signature="before()[pri:0, instance:listen.SampleTest@69a3d1d]" name="before" is-config="true" duration-ms="0" started-at="2018-09-02T10:01:57Z" finished-at="2018-09-02T10:01:57Z">
          <reporter-output>
          </reporter-output>
        </test-method> <!-- before -->
        <test-method status="PASS" signature="after()[pri:0, instance:listen.SampleTest@69a3d1d]" name="after" is-config="true" duration-ms="0" started-at="2018-09-02T10:01:57Z" finished-at="2018-09-02T10:01:57Z">
          <reporter-output>
          </reporter-output>
        </test-method> <!-- after -->
        <test-method status="SKIP" signature="testScript3()[pri:0, instance:listen.SampleTest@69a3d1d]" name="testScript3" duration-ms="0" started-at="2018-09-02T10:01:57Z" finished-at="2018-09-02T10:01:57Z">
          <exception class="org.testng.SkipException">
            <message>
              <![CDATA[Test Script-3 Skipped]]>
            </message>
            <full-stacktrace>
              <![CDATA[org.testng.SkipException: Test Script-3 Skipped
at listen.SampleTest.testScript3(SampleTest.java:17)
at sun.reflect.NativeMethodAccessorImpl.invoke0(Native Method)
at sun.reflect.NativeMethodAccessorImpl.invoke(Unknown Source)
at sun.reflect.DelegatingMethodAccessorImpl.invoke(Unknown Source)
at java.lang.reflect.Method.invoke(Unknown Source)
at org.testng.internal.MethodInvocationHelper.invokeMethod(MethodInvocationHelper.java:124)
at org.testng.internal.Invoker.invokeMethod(Invoker.java:580)
at org.testng.internal.Invoker.invokeTestMethod(Invoker.java:716)
at org.testng.internal.Invoker.invokeTestMethods(Invoker.java:988)
at org.testng.internal.TestMethodWorker.invokeTestMethods(TestMethodWorker.java:125)
at org.testng.internal.TestMethodWorker.run(TestMethodWorker.java:109)
at org.testng.TestRunner.privateRun(TestRunner.java:648)
at org.testng.TestRunner.run(TestRunner.java:505)
at org.testng.SuiteRunner.runTest(SuiteRunner.java:455)
at org.testng.SuiteRunner.runSequentially(SuiteRunner.java:450)
at org.testng.SuiteRunner.privateRun(SuiteRunner.java:415)
at org.testng.SuiteRunner.run(SuiteRunner.java:364)
at org.testng.SuiteRunnerWorker.runSuite(SuiteRunnerWorker.java:52)
at org.testng.SuiteRunnerWorker.run(SuiteRunnerWorker.java:84)
at org.testng.TestNG.runSuitesSequentially(TestNG.java:1208)
at org.testng.TestNG.runSuitesLocally(TestNG.java:1137)
at org.testng.TestNG.runSuites(TestNG.java:1049)
at org.testng.TestNG.run(TestNG.java:1017)
at org.testng.remote.AbstractRemoteTestNG.run(AbstractRemoteTestNG.java:114)
at org.testng.remote.RemoteTestNG.initAndRun(RemoteTestNG.java:251)
at org.testng.remote.RemoteTestNG.main(RemoteTestNG.java:77)
]]>
            </full-stacktrace>
          </exception> <!-- org.testng.SkipException -->
          <reporter-output>
          </reporter-output>
        </test-method> <!-- testScript3 -->
        <test-method status="PASS" signature="testScript4()[pri:0, instance:listen.SampleTest@69a3d1d]" name="testScript4" duration-ms="0" started-at="2018-09-02T10:01:57Z" finished-at="2018-09-02T10:01:57Z">
          <reporter-output>
          </reporter-output>
        </test-method> <!-- testScript4 -->
        <test-method status="PASS" signature="before()[pri:0, instance:listen.SampleTest@69a3d1d]" name="before" is-config="true" duration-ms="0" started-at="2018-09-02T10:01:57Z" finished-at="2018-09-02T10:01:57Z">
          <reporter-output>
          </reporter-output>
        </test-method> <!-- before -->
        <test-method status="PASS" signature="before()[pri:0, instance:listen.SampleTest@69a3d1d]" name="before" is-config="true" duration-ms="0" started-at="2018-09-02T10:01:57Z" finished-at="2018-09-02T10:01:57Z">
          <reporter-output>
          </reporter-output>
        </test-method> <!-- before -->
        <test-method status="PASS" signature="after()[pri:0, instance:listen.SampleTest@69a3d1d]" name="after" is-config="true" duration-ms="0" started-at="2018-09-02T10:01:57Z" finished-at="2018-09-02T10:01:57Z">
          <reporter-output>
          </reporter-output>
        </test-method> <!-- after -->
        <test-method status="PASS" signature="before()[pri:0, instance:listen.SampleTest@69a3d1d]" name="before" is-config="true" duration-ms="0" started-at="2018-09-02T10:01:57Z" finished-at="2018-09-02T10:01:57Z">
          <reporter-output>
          </reporter-output>
        </test-method> <!-- before -->
        <test-method status="PASS" signature="after()[pri:0, instance:listen.SampleTest@69a3d1d]" name="after" is-config="true" duration-ms="0" started-at="2018-09-02T10:01:57Z" finished-at="2018-09-02T10:01:57Z">
          <reporter-output>
          </reporter-output>
        </test-method> <!-- after -->
        <test-method status="PASS" signature="before()[pri:0, instance:listen.SampleTest@69a3d1d]" name="before" is-config="true" duration-ms="16" started-at="2018-09-02T10:01:57Z" finished-at="2018-09-02T10:01:57Z">
          <reporter-output>
          </reporter-output>
        </test-method> <!-- before -->
        <test-method status="PASS" signature="after()[pri:0, instance:listen.SampleTest@69a3d1d]" name="after" is-config="true" duration-ms="0" started-at="2018-09-02T10:01:57Z" finished-at="2018-09-02T10:01:57Z">
          <reporter-output>
          </reporter-output>
        </test-method> <!-- after -->
        <test-method status="PASS" signature="after()[pri:0, instance:listen.SampleTest@69a3d1d]" name="after" is-config="true" duration-ms="0" started-at="2018-09-02T10:01:57Z" finished-at="2018-09-02T10:01:57Z">
          <reporter-output>
          </reporter-output>
        </test-method> <!-- after -->
        <test-method status="PASS" signature="testScript4()[pri:0, instance:listen.SampleTest@69a3d1d]" name="testScript4" duration-ms="0" started-at="2018-09-02T10:01:57Z" finished-at="2018-09-02T10:01:57Z">
          <reporter-output>
          </reporter-output>
        </test-method> <!-- testScript4 -->
        <test-method status="PASS" signature="after()[pri:0, instance:listen.SampleTest@69a3d1d]" name="after" is-config="true" duration-ms="0" started-at="2018-09-02T10:01:57Z" finished-at="2018-09-02T10:01:57Z">
          <reporter-output>
          </reporter-output>
        </test-method> <!-- after -->
        <test-method status="PASS" signature="before()[pri:0, instance:listen.SampleTest@69a3d1d]" name="before" is-config="true" duration-ms="0" started-at="2018-09-02T10:01:57Z" finished-at="2018-09-02T10:01:57Z">
          <reporter-output>
          </reporter-output>
        </test-method> <!-- before -->
        <test-method status="PASS" signature="testScript4()[pri:0, instance:listen.SampleTest@69a3d1d]" name="testScript4" duration-ms="0" started-at="2018-09-02T10:01:57Z" finished-at="2018-09-02T10:01:57Z">
          <reporter-output>
          </reporter-output>
        </test-method> <!-- testScript4 -->
      </class> <!-- listen.SampleTest -->
    </test> <!-- Test -->
  </suite> <!-- Suite -->
</testng-results>
